<?xml version="1.0" encoding="UTF-8"?>
<testng-results ignored="0" total="1" passed="1" failed="0" skipped="0">
  <reporter-output>
  </reporter-output>
  <suite started-at="2024-03-04T18:00:22 IST" name="Default suite" finished-at="2024-03-04T18:00:58 IST" duration-ms="36590">
    <groups>
    </groups>
    <test started-at="2024-03-04T18:00:22 IST" name="Default test" finished-at="2024-03-04T18:00:58 IST" duration-ms="36590">
      <class name="employeemanagementtest.TestCase2">
        <test-method is-config="true" signature="setUp()[pri:0, instance:employeemanagementtest.TestCase2@74e52ef6]" started-at="2024-03-04T18:00:22 IST" name="setUp" finished-at="2024-03-04T18:00:27 IST" duration-ms="5474" status="PASS">
          <reporter-output>
          </reporter-output>
        </test-method> <!-- setUp -->
        <test-method signature="searchByEmployeenameandJobTitle()[pri:0, instance:employeemanagementtest.TestCase2@74e52ef6]" started-at="2024-03-04T18:00:27 IST" name="searchByEmployeenameandJobTitle" finished-at="2024-03-04T18:00:58 IST" duration-ms="30778" status="PASS">
          <reporter-output>
          </reporter-output>
        </test-method> <!-- searchByEmployeenameandJobTitle -->
        <test-method is-config="true" signature="tearDown()[pri:0, instance:employeemanagementtest.TestCase2@74e52ef6]" started-at="2024-03-04T18:00:58 IST" name="tearDown" finished-at="2024-03-04T18:00:58 IST" duration-ms="271" status="PASS">
          <reporter-output>
          </reporter-output>
        </test-method> <!-- tearDown -->
      </class> <!-- employeemanagementtest.TestCase2 -->
    </test> <!-- Default test -->
  </suite> <!-- Default suite -->
</testng-results>
