<?xml version="1.0" encoding="UTF-8"?>
<testng-results ignored="0" total="1" passed="1" failed="0" skipped="0">
  <reporter-output>
  </reporter-output>
  <suite started-at="2024-03-01T22:37:48 IST" name="Default suite" finished-at="2024-03-01T22:38:50 IST" duration-ms="62611">
    <groups>
    </groups>
    <test started-at="2024-03-01T22:37:48 IST" name="Default test" finished-at="2024-03-01T22:38:50 IST" duration-ms="62611">
      <class name="employeemanagementtest.LoginTest">
        <test-method is-config="true" signature="setUp()[pri:0, instance:employeemanagementtest.LoginTest@6f03482]" started-at="2024-03-01T22:37:48 IST" name="setUp" finished-at="2024-03-01T22:38:11 IST" duration-ms="23070" status="PASS">
          <reporter-output>
          </reporter-output>
        </test-method> <!-- setUp -->
        <test-method signature="login()[pri:0, instance:employeemanagementtest.LoginTest@6f03482]" started-at="2024-03-01T22:38:11 IST" name="login" finished-at="2024-03-01T22:38:50 IST" duration-ms="39222" status="PASS">
          <reporter-output>
          </reporter-output>
        </test-method> <!-- login -->
        <test-method is-config="true" signature="tearDown()[pri:0, instance:employeemanagementtest.LoginTest@6f03482]" started-at="2024-03-01T22:38:50 IST" name="tearDown" finished-at="2024-03-01T22:38:50 IST" duration-ms="249" status="PASS">
          <reporter-output>
          </reporter-output>
        </test-method> <!-- tearDown -->
      </class> <!-- employeemanagementtest.LoginTest -->
    </test> <!-- Default test -->
  </suite> <!-- Default suite -->
</testng-results>
