<?xml version="1.0" encoding="UTF-8"?>
<!-- Generated by org.testng.reporters.JUnitXMLReporter -->
<testsuite ignored="0" hostname="DESKTOP-2VO59DN" failures="0" tests="3" name="Default test" time="2.851" errors="0" timestamp="2024-02-23T17:02:20 IST">
  <testcase classname="tests.TestExample" name="testExample" time="1.494"/>
  <testcase classname="tests.TestExample" name="test_2" time="0.794"/>
  <testcase classname="tests.TestExample" name="test_3" time="0.51"/>
</testsuite> <!-- Default test -->
