<?xml version="1.0" encoding="UTF-8"?>
<testng-results ignored="0" total="1" passed="1" failed="0" skipped="0">
  <reporter-output>
  </reporter-output>
  <suite started-at="2024-03-20T12:35:38 IST" name="Default suite" finished-at="2024-03-20T12:35:53 IST" duration-ms="15075">
    <groups>
    </groups>
    <test started-at="2024-03-20T12:35:38 IST" name="Default test" finished-at="2024-03-20T12:35:53 IST" duration-ms="15075">
      <class name="practiseTests.CheckBrokenLinkstest">
        <test-method is-config="true" signature="setUp()[pri:0, instance:practiseTests.CheckBrokenLinkstest@1ff4931d]" started-at="2024-03-20T12:35:38 IST" name="setUp" finished-at="2024-03-20T12:35:43 IST" duration-ms="5796" status="PASS">
          <reporter-output>
          </reporter-output>
        </test-method> <!-- setUp -->
        <test-method signature="checkLinks()[pri:0, instance:practiseTests.CheckBrokenLinkstest@1ff4931d]" started-at="2024-03-20T12:35:43 IST" name="checkLinks" finished-at="2024-03-20T12:35:51 IST" duration-ms="7785" status="PASS">
          <reporter-output>
          </reporter-output>
        </test-method> <!-- checkLinks -->
        <test-method is-config="true" signature="tearDown()[pri:0, instance:practiseTests.CheckBrokenLinkstest@1ff4931d]" started-at="2024-03-20T12:35:51 IST" name="tearDown" finished-at="2024-03-20T12:35:53 IST" duration-ms="1408" status="PASS">
          <reporter-output>
          </reporter-output>
        </test-method> <!-- tearDown -->
      </class> <!-- practiseTests.CheckBrokenLinkstest -->
    </test> <!-- Default test -->
  </suite> <!-- Default suite -->
</testng-results>
