<?xml version="1.0" encoding="UTF-8"?>
<testng-results ignored="0" total="1" passed="1" failed="0" skipped="0">
  <reporter-output>
  </reporter-output>
  <suite started-at="2024-03-18T17:46:36 IST" name="Default suite" finished-at="2024-03-18T17:46:44 IST" duration-ms="7508">
    <groups>
    </groups>
    <test started-at="2024-03-18T17:46:36 IST" name="Default test" finished-at="2024-03-18T17:46:44 IST" duration-ms="7508">
      <class name="practiseTests.PractiseDropDown">
        <test-method is-config="true" signature="setUp()[pri:0, instance:practiseTests.PractiseDropDown@35d019a3]" started-at="2024-03-18T17:46:37 IST" name="setUp" finished-at="2024-03-18T17:46:39 IST" duration-ms="2860" status="PASS">
          <reporter-output>
          </reporter-output>
        </test-method> <!-- setUp -->
        <test-method signature="selectDropDown()[pri:0, instance:practiseTests.PractiseDropDown@35d019a3]" started-at="2024-03-18T17:46:39 IST" name="selectDropDown" finished-at="2024-03-18T17:46:43 IST" duration-ms="3326" status="PASS">
          <reporter-output>
          </reporter-output>
        </test-method> <!-- selectDropDown -->
        <test-method is-config="true" signature="tearDown()[pri:0, instance:practiseTests.PractiseDropDown@35d019a3]" started-at="2024-03-18T17:46:43 IST" name="tearDown" finished-at="2024-03-18T17:46:44 IST" duration-ms="1265" status="PASS">
          <reporter-output>
          </reporter-output>
        </test-method> <!-- tearDown -->
      </class> <!-- practiseTests.PractiseDropDown -->
    </test> <!-- Default test -->
  </suite> <!-- Default suite -->
</testng-results>
