<?xml version="1.0" encoding="UTF-8"?>
<testng-results ignored="0" total="1" passed="1" failed="0" skipped="0">
  <reporter-output>
  </reporter-output>
  <suite started-at="2024-03-18T15:34:14 IST" name="Default suite" finished-at="2024-03-18T15:34:40 IST" duration-ms="25458">
    <groups>
    </groups>
    <test started-at="2024-03-18T15:34:14 IST" name="Default test" finished-at="2024-03-18T15:34:40 IST" duration-ms="25458">
      <class name="employeemanagement.AdminPageTest">
        <test-method is-config="true" signature="setUp()[pri:0, instance:employeemanagement.AdminPageTest@2b71e916]" started-at="2024-03-18T15:34:14 IST" name="setUp" finished-at="2024-03-18T15:34:21 IST" duration-ms="6946" status="PASS">
          <reporter-output>
          </reporter-output>
        </test-method> <!-- setUp -->
        <test-method signature="testAddLanguage()[pri:0, instance:employeemanagement.AdminPageTest@2b71e916]" started-at="2024-03-18T15:34:21 IST" name="testAddLanguage" finished-at="2024-03-18T15:34:39 IST" duration-ms="17181" status="PASS">
          <reporter-output>
          </reporter-output>
        </test-method> <!-- testAddLanguage -->
        <test-method is-config="true" signature="closeBrowser()[pri:0, instance:employeemanagement.AdminPageTest@2b71e916]" started-at="2024-03-18T15:34:39 IST" name="closeBrowser" finished-at="2024-03-18T15:34:40 IST" duration-ms="1292" status="PASS">
          <reporter-output>
          </reporter-output>
        </test-method> <!-- closeBrowser -->
      </class> <!-- employeemanagement.AdminPageTest -->
    </test> <!-- Default test -->
  </suite> <!-- Default suite -->
</testng-results>
