<?xml version="1.0" encoding="UTF-8"?>
<testng-results ignored="0" total="1" passed="1" failed="0" skipped="0">
  <reporter-output>
  </reporter-output>
  <suite started-at="2024-03-19T18:06:45 IST" name="Default suite" finished-at="2024-03-19T18:06:59 IST" duration-ms="14345">
    <groups>
    </groups>
    <test started-at="2024-03-19T18:06:45 IST" name="Default test" finished-at="2024-03-19T18:06:59 IST" duration-ms="14345">
      <class name="employeemanagement.LoginTest">
        <test-method is-config="true" signature="setUp()[pri:0, instance:employeemanagement.LoginTest@6b2ea799]" started-at="2024-03-19T18:06:45 IST" name="setUp" finished-at="2024-03-19T18:06:54 IST" duration-ms="9266" status="PASS">
          <reporter-output>
          </reporter-output>
        </test-method> <!-- setUp -->
        <test-method signature="testLogin()[pri:0, instance:employeemanagement.LoginTest@6b2ea799]" started-at="2024-03-19T18:06:54 IST" name="testLogin" finished-at="2024-03-19T18:06:58 IST" duration-ms="3779" status="PASS">
          <reporter-output>
          </reporter-output>
        </test-method> <!-- testLogin -->
        <test-method is-config="true" signature="closeBrowser()[pri:0, instance:employeemanagement.LoginTest@6b2ea799]" started-at="2024-03-19T18:06:58 IST" name="closeBrowser" finished-at="2024-03-19T18:06:59 IST" duration-ms="1258" status="PASS">
          <reporter-output>
          </reporter-output>
        </test-method> <!-- closeBrowser -->
      </class> <!-- employeemanagement.LoginTest -->
    </test> <!-- Default test -->
  </suite> <!-- Default suite -->
</testng-results>
