<?xml version="1.0" encoding="UTF-8"?>
<!-- Generated by org.testng.reporters.JUnitXMLReporter -->
<testsuite ignored="2" hostname="DESKTOP-2VO59DN" failures="0" tests="1" name="Default test" time="25.533" errors="0" timestamp="2024-03-20T12:59:45 IST">
  <testcase classname="employeemanagement.AdminPageTest" name="testAddLanguage" time="18.095"/>
  <testcase classname="employeemanagement.AdminPageTest" name="testEditLanguage" time="0.0">
    <ignored/>
  </testcase> <!-- testEditLanguage -->
  <testcase classname="employeemanagement.AdminPageTest" name="testDeleteLanguage" time="0.0">
    <ignored/>
  </testcase> <!-- testDeleteLanguage -->
</testsuite> <!-- Default test -->
