<?xml version="1.0" encoding="UTF-8"?>
<!-- Generated by org.testng.reporters.JUnitXMLReporter -->
<testsuite ignored="1" hostname="DESKTOP-2VO59DN" failures="0" tests="1" name="Default test" time="18.854" errors="0" timestamp="2024-03-12T16:58:14 IST">
  <testcase classname="employeemanagementtest.PractiseNavigationsTest" name="navigateBrowser" time="12.553"/>
  <testcase classname="employeemanagementtest.PractiseNavigationsTest" name="takeScreenShot" time="0.0">
    <ignored/>
  </testcase> <!-- takeScreenShot -->
</testsuite> <!-- Default test -->
