<?xml version="1.0" encoding="UTF-8"?>
<!-- Generated by org.testng.reporters.JUnitXMLReporter -->
<testsuite ignored="2" hostname="DESKTOP-2VO59DN" failures="0" tests="1" name="Default test" time="29.548" errors="0" timestamp="2024-03-14T17:02:08 IST">
  <testcase classname="employeemanagementtest.TestCase3" name="testAddLanguage" time="17.855"/>
  <testcase classname="employeemanagementtest.TestCase3" name="testDeleteLanguage" time="0.0">
    <ignored/>
  </testcase> <!-- testDeleteLanguage -->
  <testcase classname="employeemanagementtest.TestCase3" name="testEditLanguage" time="0.0">
    <ignored/>
  </testcase> <!-- testEditLanguage -->
</testsuite> <!-- Default test -->
