<?xml version="1.0" encoding="UTF-8"?>
<testng-results ignored="0" total="3" passed="3" failed="0" skipped="0">
  <reporter-output>
  </reporter-output>
  <suite started-at="2024-02-23T17:02:18 IST" name="Default suite" finished-at="2024-02-23T17:02:20 IST" duration-ms="2851">
    <groups>
    </groups>
    <test started-at="2024-02-23T17:02:18 IST" name="Default test" finished-at="2024-02-23T17:02:20 IST" duration-ms="2851">
      <class name="tests.TestExample">
        <test-method signature="testExample()[pri:0, instance:tests.TestExample@d5b810e]" started-at="2024-02-23T17:02:18 IST" name="testExample" finished-at="2024-02-23T17:02:19 IST" duration-ms="1494" status="PASS">
          <reporter-output>
          </reporter-output>
        </test-method> <!-- testExample -->
        <test-method signature="test_2()[pri:0, instance:tests.TestExample@d5b810e]" started-at="2024-02-23T17:02:19 IST" name="test_2" finished-at="2024-02-23T17:02:20 IST" duration-ms="794" status="PASS">
          <reporter-output>
          </reporter-output>
        </test-method> <!-- test_2 -->
        <test-method signature="test_3()[pri:0, instance:tests.TestExample@d5b810e]" started-at="2024-02-23T17:02:20 IST" name="test_3" finished-at="2024-02-23T17:02:20 IST" duration-ms="510" status="PASS">
          <reporter-output>
          </reporter-output>
        </test-method> <!-- test_3 -->
      </class> <!-- tests.TestExample -->
    </test> <!-- Default test -->
  </suite> <!-- Default suite -->
</testng-results>
